<?xml version="1.0" encoding="UTF-8"?>
<testng-results ignored="0" total="0" passed="0" failed="0" skipped="0">
  <reporter-output>
  </reporter-output>
  <suite started-at="2020-07-24T00:20:18 CEST" name="Default suite" finished-at="2020-07-24T00:20:26 CEST" duration-ms="8522">
    <groups>
    </groups>
    <test started-at="2020-07-24T00:20:18 CEST" name="Default test" finished-at="2020-07-24T00:20:26 CEST" duration-ms="8522">
      <class name="Microtesting.OrangeHRM.AjoutJobTitle">
        <test-method is-config="true" signature="login()[pri:0, instance:Microtesting.OrangeHRM.AjoutJobTitle@2cbb3d47]" started-at="2020-07-24T00:20:18 CEST" name="login" finished-at="2020-07-24T00:20:26 CEST" duration-ms="8506" status="PASS">
          <reporter-output>
          </reporter-output>
        </test-method> <!-- login -->
      </class> <!-- Microtesting.OrangeHRM.AjoutJobTitle -->
    </test> <!-- Default test -->
  </suite> <!-- Default suite -->
</testng-results>
